[MAIN        ] Simulation started.
[24795320 ms][F1-DEPT     ] Produced P1. Storage: 1/10 [24795320 ms]
[24795325 ms][SHIP        ] Loaded 1 P1. Travelling to F3... [24795325 ms]
[24795325 ms][SHIP        ] Waiting to unload at F3. F3 P1: 0/10 [24795325 ms]
[24795426 ms][F1-DEPT     ] Produced P1. Storage: 1/10 [24795426 ms]
[24795527 ms][F1-DEPT     ] Produced P1. Storage: 2/10 [24795527 ms]
[24795575 ms][SHIP        ] Unloaded 1 P1 to F3. Returning to F1... [24795575 ms]
[24795619 ms][F2-DEPT     ] Produced P2. Storage: 1/5 [24795619 ms]
[24795628 ms][F1-DEPT     ] Produced P1. Storage: 3/10 [24795628 ms]
[24795730 ms][F1-DEPT     ] Produced P1. Storage: 4/10 [24795730 ms]
[24795831 ms][SHIP        ] Loaded 4 P1. Travelling to F3... [24795831 ms]
[24795832 ms][SHIP        ] Waiting to unload at F3. F3 P1: 1/10 [24795832 ms]
[24795833 ms][F1-DEPT     ] Produced P1. Storage: 1/10 [24795833 ms]
[24795936 ms][F1-DEPT     ] Produced P1. Storage: 2/10 [24795936 ms]
[24796020 ms][F2-DEPT     ] Produced P2. Storage: 2/5 [24796020 ms]
[24796020 ms][TRUCK3      ] Loaded 2 P2. Travelling to F3... [24796020 ms]
[24796036 ms][F1-DEPT     ] Produced P1. Storage: 3/10 [24796036 ms]
[24796088 ms][SHIP        ] Unloaded 4 P1 to F3. Returning to F1... [24796088 ms]
[24796138 ms][F1-DEPT     ] Produced P1. Storage: 4/10 [24796138 ms]
[24796239 ms][F1-DEPT     ] Produced P1. Storage: 5/10 [24796239 ms]
[24796271 ms][TRUCK3      ] Unloaded 2 P2 to F3. Returning to F2... [24796271 ms]
[24796339 ms][SHIP        ] Loaded 5 P1. Travelling to F3... [24796339 ms]
[24796339 ms][SHIP        ] Waiting to unload at F3. F3 P1: 5/10 [24796339 ms]
[24796340 ms][F1-DEPT     ] Produced P1. Storage: 1/10 [24796340 ms]
[24796421 ms][F2-DEPT     ] Produced P2. Storage: 1/5 [24796421 ms]
[24796440 ms][F1-DEPT     ] Produced P1. Storage: 2/10 [24796440 ms]
[24796541 ms][F1-DEPT     ] Produced P1. Storage: 3/10 [24796541 ms]
[24796643 ms][F1-DEPT     ] Produced P1. Storage: 4/10 [24796643 ms]
[24796744 ms][F1-DEPT     ] Produced P1. Storage: 5/10 [24796744 ms]
[24796821 ms][F2-DEPT     ] Produced P2. Storage: 2/5 [24796821 ms]
[24796821 ms][TRUCK2      ] Loaded 2 P2. Travelling to F3... [24796821 ms]
[24796845 ms][F1-DEPT     ] Produced P1. Storage: 6/10 [24796845 ms]
[24796946 ms][F1-DEPT     ] Produced P1. Storage: 7/10 [24796946 ms]
[24797048 ms][F1-DEPT     ] Produced P1. Storage: 8/10 [24797048 ms]
[24797073 ms][TRUCK2      ] Unloaded 2 P2 to F3. Returning to F2... [24797073 ms]
[24797149 ms][F1-DEPT     ] Produced P1. Storage: 9/10 [24797149 ms]
[24797222 ms][F2-DEPT     ] Produced P2. Storage: 1/5 [24797222 ms]
[24797249 ms][F1-DEPT     ] Produced P1. Storage: 10/10 [24797249 ms]
[24797622 ms][F2-DEPT     ] Produced P2. Storage: 2/5 [24797622 ms]
[24797623 ms][TRUCK3      ] Loaded 2 P2. Travelling to F3... [24797623 ms]
[24798023 ms][F2-DEPT     ] Produced P2. Storage: 1/5 [24798023 ms]
[24798424 ms][F2-DEPT     ] Produced P2. Storage: 2/5 [24798424 ms]
[24798424 ms][TRUCK2      ] Loaded 2 P2. Travelling to F3... [24798424 ms]
[24798825 ms][F2-DEPT     ] Produced P2. Storage: 1/5 [24798825 ms]
[24799225 ms][F2-DEPT     ] Produced P2. Storage: 2/5 [24799225 ms]
[24799226 ms][TRUCK1      ] Loaded 2 P2. Travelling to F3... [24799226 ms]
[24799626 ms][F2-DEPT     ] Produced P2. Storage: 1/5 [24799626 ms]
[24800028 ms][F2-DEPT     ] Produced P2. Storage: 2/5 [24800028 ms]
[24800028 ms][TRUCK5      ] Loaded 2 P2. Travelling to F3... [24800028 ms]
[24800428 ms][F2-DEPT     ] Produced P2. Storage: 1/5 [24800428 ms]
[24800829 ms][F2-DEPT     ] Produced P2. Storage: 2/5 [24800829 ms]
[24800829 ms][TRUCK4      ] Loaded 2 P2. Travelling to F3... [24800829 ms]
[24801229 ms][F2-DEPT     ] Produced P2. Storage: 1/5 [24801229 ms]
[24801630 ms][F2-DEPT     ] Produced P2. Storage: 2/5 [24801630 ms]
[24802030 ms][F2-DEPT     ] Produced P2. Storage: 3/5 [24802030 ms]
[24802430 ms][F2-DEPT     ] Produced P2. Storage: 4/5 [24802430 ms]
[24802831 ms][F2-DEPT     ] Produced P2. Storage: 5/5 [24802831 ms]
[MAIN        ] Pausing F1 production for 3 seconds...
[MAIN        ] Resumed F1 production.
[MAIN        ] Stopping simulation...
[24813223 ms][SHIP        ] Unloaded 5 P1 to F3. Returning to F1... [24813223 ms]

Simulation ended. Total P3 produced: 0
