[MAIN        ] Simulation started.
[28580402 ms][F1-DEPT     ] Produced P1. Storage: 1/10 [28580402 ms]
[28580403 ms][SHIP        ] Loaded 1 P1. Travelling to F3... [28580403 ms]
[28580403 ms][SHIP        ] Waiting to unload at F3. F3 P1: 0/10 [28580403 ms]
[28580504 ms][F1-DEPT     ] Produced P1. Storage: 1/10 [28580504 ms]
[28580606 ms][F1-DEPT     ] Produced P1. Storage: 2/10 [28580606 ms]
[28580654 ms][SHIP        ] Unloaded 1 P1 to F3. Returning to F1... [28580654 ms]
[28580703 ms][F2-DEPT     ] Produced P2. Storage: 1/5 [28580703 ms]
[28580706 ms][F1-DEPT     ] Produced P1. Storage: 3/10 [28580706 ms]
[28580806 ms][F1-DEPT     ] Produced P1. Storage: 4/10 [28580806 ms]
[28580905 ms][SHIP        ] Loaded 4 P1. Travelling to F3... [28580905 ms]
[28580905 ms][SHIP        ] Waiting to unload at F3. F3 P1: 1/10 [28580905 ms]
[28580907 ms][F1-DEPT     ] Produced P1. Storage: 1/10 [28580907 ms]
[28581008 ms][F1-DEPT     ] Produced P1. Storage: 2/10 [28581008 ms]
[28581104 ms][F2-DEPT     ] Produced P2. Storage: 2/5 [28581104 ms]
[28581104 ms][TRUCK3      ] Loaded 2 P2. Travelling to F3... [28581104 ms]
[28581108 ms][F1-DEPT     ] Produced P1. Storage: 3/10 [28581108 ms]
[28581156 ms][SHIP        ] Unloaded 4 P1 to F3. Returning to F1... [28581156 ms]
[28581209 ms][F1-DEPT     ] Produced P1. Storage: 4/10 [28581209 ms]
[28581309 ms][F1-DEPT     ] Produced P1. Storage: 5/10 [28581309 ms]
[28581354 ms][TRUCK3      ] Unloaded 2 P2 to F3. Returning to F2... [28581354 ms]
[28581406 ms][SHIP        ] Loaded 5 P1. Travelling to F3... [28581406 ms]
[28581406 ms][SHIP        ] Waiting to unload at F3. F3 P1: 5/10 [28581406 ms]
[28581410 ms][F1-DEPT     ] Produced P1. Storage: 1/10 [28581410 ms]
[28581505 ms][F2-DEPT     ] Produced P2. Storage: 1/5 [28581505 ms]
[28581510 ms][F1-DEPT     ] Produced P1. Storage: 2/10 [28581510 ms]
[28581611 ms][F1-DEPT     ] Produced P1. Storage: 3/10 [28581611 ms]
[28581712 ms][F1-DEPT     ] Produced P1. Storage: 4/10 [28581712 ms]
[28581813 ms][F1-DEPT     ] Produced P1. Storage: 5/10 [28581813 ms]
[28581905 ms][F2-DEPT     ] Produced P2. Storage: 2/5 [28581905 ms]
[28581905 ms][TRUCK5      ] Loaded 2 P2. Travelling to F3... [28581905 ms]
[28581914 ms][F1-DEPT     ] Produced P1. Storage: 6/10 [28581914 ms]
[28582016 ms][F1-DEPT     ] Produced P1. Storage: 7/10 [28582016 ms]
[28582117 ms][F1-DEPT     ] Produced P1. Storage: 8/10 [28582117 ms]
[28582156 ms][TRUCK5      ] Unloaded 2 P2 to F3. Returning to F2... [28582156 ms]
[28582219 ms][F1-DEPT     ] Produced P1. Storage: 9/10 [28582219 ms]
[28582306 ms][F2-DEPT     ] Produced P2. Storage: 1/5 [28582306 ms]
[28582321 ms][F1-DEPT     ] Produced P1. Storage: 10/10 [28582321 ms]
[28582707 ms][F2-DEPT     ] Produced P2. Storage: 2/5 [28582707 ms]
[28582707 ms][TRUCK3      ] Loaded 2 P2. Travelling to F3... [28582707 ms]
[28583107 ms][F2-DEPT     ] Produced P2. Storage: 1/5 [28583107 ms]
[28583511 ms][F2-DEPT     ] Produced P2. Storage: 2/5 [28583511 ms]
[28583511 ms][TRUCK5      ] Loaded 2 P2. Travelling to F3... [28583511 ms]
[28583912 ms][F2-DEPT     ] Produced P2. Storage: 1/5 [28583912 ms]
[28584312 ms][F2-DEPT     ] Produced P2. Storage: 2/5 [28584312 ms]
[28584313 ms][TRUCK2      ] Loaded 2 P2. Travelling to F3... [28584313 ms]
[28584714 ms][F2-DEPT     ] Produced P2. Storage: 1/5 [28584714 ms]
[28585115 ms][F2-DEPT     ] Produced P2. Storage: 2/5 [28585115 ms]
[28585115 ms][TRUCK1      ] Loaded 2 P2. Travelling to F3... [28585115 ms]
[28585517 ms][F2-DEPT     ] Produced P2. Storage: 1/5 [28585517 ms]
[28585918 ms][F2-DEPT     ] Produced P2. Storage: 2/5 [28585918 ms]
[28585918 ms][TRUCK4      ] Loaded 2 P2. Travelling to F3... [28585918 ms]
[28586318 ms][F2-DEPT     ] Produced P2. Storage: 1/5 [28586318 ms]
[28586720 ms][F2-DEPT     ] Produced P2. Storage: 2/5 [28586720 ms]
[28587120 ms][F2-DEPT     ] Produced P2. Storage: 3/5 [28587120 ms]
[28587521 ms][F2-DEPT     ] Produced P2. Storage: 4/5 [28587521 ms]
[28587921 ms][F2-DEPT     ] Produced P2. Storage: 5/5 [28587921 ms]
[MAIN        ] Pausing F1 production for 3 seconds...
[MAIN        ] Resumed F1 production.
[MAIN        ] Stopping simulation...
[28598311 ms][SHIP        ] Unloaded 5 P1 to F3. Returning to F1... [28598311 ms]

Simulation ended. Total P3 produced: 0
