[MAIN        ] Simulation started.
[29022720 ms][F1-DEPT     ] Produced P1. Storage: 1/10 [29022720 ms]
[29022720 ms][SHIP        ] Loaded 1 P1. Travelling to F3... [29022720 ms]
[29022720 ms][SHIP        ] Waiting to unload at F3. F3 P1: 0/10 [29022720 ms]
[29022820 ms][F1-DEPT     ] Produced P1. Storage: 1/10 [29022820 ms]
[29022921 ms][F1-DEPT     ] Produced P1. Storage: 2/10 [29022921 ms]
[29022977 ms][SHIP        ] Unloaded 1 P1 to F3. Returning to F1... [29022977 ms]
[29023020 ms][F2-DEPT     ] Produced P2. Storage: 1/5 [29023020 ms]
[29023021 ms][F1-DEPT     ] Produced P1. Storage: 3/10 [29023021 ms]
[29023121 ms][F1-DEPT     ] Produced P1. Storage: 4/10 [29023121 ms]
[29023221 ms][F1-DEPT     ] Produced P1. Storage: 5/10 [29023221 ms]
[29023229 ms][SHIP        ] Loaded 5 P1. Travelling to F3... [29023229 ms]
[29023230 ms][SHIP        ] Waiting to unload at F3. F3 P1: 1/10 [29023230 ms]
[29023322 ms][F1-DEPT     ] Produced P1. Storage: 1/10 [29023322 ms]
[29023420 ms][F2-DEPT     ] Produced P2. Storage: 2/5 [29023420 ms]
[29023421 ms][TRUCK2      ] Loaded 2 P2. Travelling to F3... [29023421 ms]
[29023422 ms][F1-DEPT     ] Produced P1. Storage: 2/10 [29023422 ms]
[29023481 ms][SHIP        ] Unloaded 5 P1 to F3. Returning to F1... [29023481 ms]
[29023522 ms][F1-DEPT     ] Produced P1. Storage: 3/10 [29023522 ms]
[29023622 ms][F1-DEPT     ] Produced P1. Storage: 4/10 [29023622 ms]
[29023671 ms][TRUCK2      ] Unloaded 2 P2 to F3. Returning to F2... [29023671 ms]
[29023723 ms][F1-DEPT     ] Produced P1. Storage: 5/10 [29023723 ms]
[29023734 ms][SHIP        ] Loaded 5 P1. Travelling to F3... [29023734 ms]
[29023734 ms][SHIP        ] Waiting to unload at F3. F3 P1: 2/10 [29023734 ms]
[29023821 ms][F2-DEPT     ] Produced P2. Storage: 1/5 [29023821 ms]
[29023823 ms][F1-DEPT     ] Produced P1. Storage: 1/10 [29023823 ms]
[29023924 ms][F1-DEPT     ] Produced P1. Storage: 2/10 [29023924 ms]
[29023988 ms][SHIP        ] Unloaded 5 P1 to F3. Returning to F1... [29023988 ms]
[29024025 ms][F1-DEPT     ] Produced P1. Storage: 3/10 [29024025 ms]
[29024072 ms][F3-DPT2     ] Produced P3 unit 1 (consumed 2 P1 and 1 P2) [29024072 ms]
[29024072 ms][F3-DPT1     ] Produced P3 unit 2 (consumed 2 P1 and 1 P2) [29024072 ms]
[29024125 ms][F1-DEPT     ] Produced P1. Storage: 4/10 [29024125 ms]
[29024221 ms][F2-DEPT     ] Produced P2. Storage: 2/5 [29024221 ms]
[29024222 ms][TRUCK3      ] Loaded 2 P2. Travelling to F3... [29024222 ms]
[29024226 ms][F1-DEPT     ] Produced P1. Storage: 5/10 [29024226 ms]
[29024239 ms][SHIP        ] Loaded 5 P1. Travelling to F3... [29024239 ms]
[29024239 ms][SHIP        ] Waiting to unload at F3. F3 P1: 3/10 [29024239 ms]
[29024327 ms][F1-DEPT     ] Produced P1. Storage: 1/10 [29024327 ms]
[29024427 ms][F1-DEPT     ] Produced P1. Storage: 2/10 [29024427 ms]
[29024472 ms][TRUCK3      ] Unloaded 2 P2 to F3. Returning to F2... [29024472 ms]
[29024494 ms][SHIP        ] Unloaded 5 P1 to F3. Returning to F1... [29024494 ms]
[29024528 ms][F1-DEPT     ] Produced P1. Storage: 3/10 [29024528 ms]
[29024622 ms][F2-DEPT     ] Produced P2. Storage: 1/5 [29024622 ms]
[29024629 ms][F1-DEPT     ] Produced P1. Storage: 4/10 [29024629 ms]
[29024729 ms][F1-DEPT     ] Produced P1. Storage: 5/10 [29024729 ms]
[29024746 ms][SHIP        ] Loaded 5 P1. Travelling to F3... [29024746 ms]
[29024747 ms][SHIP        ] Waiting to unload at F3. F3 P1: 8/10 [29024747 ms]
[29024830 ms][F1-DEPT     ] Produced P1. Storage: 1/10 [29024830 ms]
[29024872 ms][F3-DPT2     ] Produced P3 unit 3 (consumed 2 P1 and 1 P2) [29024872 ms]
[29024873 ms][F3-DPT1     ] Produced P3 unit 4 (consumed 2 P1 and 1 P2) [29024873 ms]
[29024931 ms][F1-DEPT     ] Produced P1. Storage: 2/10 [29024931 ms]
[29025003 ms][SHIP        ] Unloaded 5 P1 to F3. Returning to F1... [29025003 ms]
[29025022 ms][F2-DEPT     ] Produced P2. Storage: 2/5 [29025022 ms]
[29025023 ms][TRUCK1      ] Loaded 2 P2. Travelling to F3... [29025023 ms]
[29025031 ms][F1-DEPT     ] Produced P1. Storage: 3/10 [29025031 ms]
[29025133 ms][F1-DEPT     ] Produced P1. Storage: 4/10 [29025133 ms]
[29025234 ms][F1-DEPT     ] Produced P1. Storage: 5/10 [29025234 ms]
[29025256 ms][SHIP        ] Loaded 5 P1. Travelling to F3... [29025256 ms]
[29025256 ms][SHIP        ] Waiting to unload at F3. F3 P1: 9/10 [29025256 ms]
[29025273 ms][TRUCK1      ] Unloaded 2 P2 to F3. Returning to F2... [29025273 ms]
[29025334 ms][F1-DEPT     ] Produced P1. Storage: 1/10 [29025334 ms]
[29025423 ms][F2-DEPT     ] Produced P2. Storage: 1/5 [29025423 ms]
[29025434 ms][F1-DEPT     ] Produced P1. Storage: 2/10 [29025434 ms]
[29025536 ms][F1-DEPT     ] Produced P1. Storage: 3/10 [29025536 ms]
[29025637 ms][F1-DEPT     ] Produced P1. Storage: 4/10 [29025637 ms]
[29025673 ms][F3-DPT2     ] Produced P3 unit 5 (consumed 2 P1 and 1 P2) [29025673 ms]
[29025674 ms][F3-DPT1     ] Produced P3 unit 6 (consumed 2 P1 and 1 P2) [29025674 ms]
[29025738 ms][F1-DEPT     ] Produced P1. Storage: 5/10 [29025738 ms]
[29025824 ms][F2-DEPT     ] Produced P2. Storage: 2/5 [29025824 ms]
[29025824 ms][TRUCK3      ] Loaded 2 P2. Travelling to F3... [29025824 ms]
[29025838 ms][F1-DEPT     ] Produced P1. Storage: 6/10 [29025838 ms]
[29025938 ms][F1-DEPT     ] Produced P1. Storage: 7/10 [29025938 ms]
[29026039 ms][F1-DEPT     ] Produced P1. Storage: 8/10 [29026039 ms]
[29026074 ms][TRUCK3      ] Unloaded 2 P2 to F3. Returning to F2... [29026074 ms]
[29026140 ms][F1-DEPT     ] Produced P1. Storage: 9/10 [29026140 ms]
[29026224 ms][F2-DEPT     ] Produced P2. Storage: 1/5 [29026224 ms]
[29026240 ms][F1-DEPT     ] Produced P1. Storage: 10/10 [29026240 ms]
[29026476 ms][F3-DPT2     ] Produced P3 unit 7 (consumed 2 P1 and 1 P2) [29026476 ms]
[29026476 ms][F3-DPT1     ] Produced P3 unit 8 (consumed 2 P1 and 1 P2) [29026476 ms]
[29026476 ms][SHIP        ] Unloaded 5 P1 to F3. Returning to F1... [29026476 ms]
[29026625 ms][F2-DEPT     ] Produced P2. Storage: 2/5 [29026625 ms]
[29026625 ms][TRUCK5      ] Loaded 2 P2. Travelling to F3... [29026625 ms]
[29026729 ms][SHIP        ] Loaded 5 P1. Travelling to F3... [29026729 ms]
[29026729 ms][SHIP        ] Waiting to unload at F3. F3 P1: 6/10 [29026729 ms]
[29026729 ms][F1-DEPT     ] Produced P1. Storage: 6/10 [29026729 ms]
[29026830 ms][F1-DEPT     ] Produced P1. Storage: 7/10 [29026830 ms]
[29026875 ms][TRUCK5      ] Unloaded 2 P2 to F3. Returning to F2... [29026875 ms]
[29026931 ms][F1-DEPT     ] Produced P1. Storage: 8/10 [29026931 ms]
[29027025 ms][F2-DEPT     ] Produced P2. Storage: 1/5 [29027025 ms]
[29027031 ms][F1-DEPT     ] Produced P1. Storage: 9/10 [29027031 ms]
[29027133 ms][F1-DEPT     ] Produced P1. Storage: 10/10 [29027133 ms]
[29027276 ms][F3-DPT2     ] Produced P3 unit 9 (consumed 2 P1 and 1 P2) [29027276 ms]
[29027276 ms][F3-DPT1     ] Produced P3 unit 10 (consumed 2 P1 and 1 P2) [29027276 ms]
[29027276 ms][SHIP        ] Unloaded 5 P1 to F3. Returning to F1... [29027276 ms]
[29027426 ms][F2-DEPT     ] Produced P2. Storage: 2/5 [29027426 ms]
[29027426 ms][TRUCK2      ] Loaded 2 P2. Travelling to F3... [29027426 ms]
[29027527 ms][SHIP        ] Loaded 5 P1. Travelling to F3... [29027527 ms]
[29027527 ms][SHIP        ] Waiting to unload at F3. F3 P1: 7/10 [29027527 ms]
[29027527 ms][F1-DEPT     ] Produced P1. Storage: 6/10 [29027527 ms]
[29027629 ms][F1-DEPT     ] Produced P1. Storage: 7/10 [29027629 ms]
[29027677 ms][TRUCK2      ] Unloaded 2 P2 to F3. Returning to F2... [29027677 ms]
[29027729 ms][F1-DEPT     ] Produced P1. Storage: 8/10 [29027729 ms]
[29027826 ms][F2-DEPT     ] Produced P2. Storage: 1/5 [29027826 ms]
[29027829 ms][F1-DEPT     ] Produced P1. Storage: 9/10 [29027829 ms]
[29027929 ms][F1-DEPT     ] Produced P1. Storage: 10/10 [29027929 ms]
[29028077 ms][F3-DPT2     ] Produced P3 unit 11 (consumed 2 P1 and 1 P2) [29028077 ms]
[29028077 ms][F3-DPT1     ] Produced P3 unit 12 (consumed 2 P1 and 1 P2) [29028077 ms]
[29028078 ms][SHIP        ] Unloaded 5 P1 to F3. Returning to F1... [29028078 ms]
[29028227 ms][F2-DEPT     ] Produced P2. Storage: 2/5 [29028227 ms]
[29028227 ms][TRUCK2      ] Loaded 2 P2. Travelling to F3... [29028227 ms]
[29028329 ms][SHIP        ] Loaded 5 P1. Travelling to F3... [29028329 ms]
[29028329 ms][SHIP        ] Waiting to unload at F3. F3 P1: 8/10 [29028329 ms]
[29028329 ms][F1-DEPT     ] Produced P1. Storage: 6/10 [29028329 ms]
[29028430 ms][F1-DEPT     ] Produced P1. Storage: 7/10 [29028430 ms]
[29028478 ms][TRUCK2      ] Unloaded 2 P2 to F3. Returning to F2... [29028478 ms]
[29028530 ms][F1-DEPT     ] Produced P1. Storage: 8/10 [29028530 ms]
[29028628 ms][F2-DEPT     ] Produced P2. Storage: 1/5 [29028628 ms]
[29028631 ms][F1-DEPT     ] Produced P1. Storage: 9/10 [29028631 ms]
[29028731 ms][F1-DEPT     ] Produced P1. Storage: 10/10 [29028731 ms]
[29028878 ms][F3-DPT2     ] Produced P3 unit 13 (consumed 2 P1 and 1 P2) [29028878 ms]
[29028878 ms][F3-DPT1     ] Produced P3 unit 14 (consumed 2 P1 and 1 P2) [29028878 ms]
[29028879 ms][SHIP        ] Unloaded 5 P1 to F3. Returning to F1... [29028879 ms]
[29029028 ms][F2-DEPT     ] Produced P2. Storage: 2/5 [29029028 ms]
[29029029 ms][TRUCK4      ] Loaded 2 P2. Travelling to F3... [29029029 ms]
[29029131 ms][SHIP        ] Loaded 5 P1. Travelling to F3... [29029131 ms]
[29029131 ms][SHIP        ] Waiting to unload at F3. F3 P1: 9/10 [29029131 ms]
[29029131 ms][F1-DEPT     ] Produced P1. Storage: 6/10 [29029131 ms]
[29029232 ms][F1-DEPT     ] Produced P1. Storage: 7/10 [29029232 ms]
[29029279 ms][TRUCK4      ] Unloaded 2 P2 to F3. Returning to F2... [29029279 ms]
[29029332 ms][F1-DEPT     ] Produced P1. Storage: 8/10 [29029332 ms]
[29029429 ms][F2-DEPT     ] Produced P2. Storage: 1/5 [29029429 ms]
[29029433 ms][F1-DEPT     ] Produced P1. Storage: 9/10 [29029433 ms]
[29029534 ms][F1-DEPT     ] Produced P1. Storage: 10/10 [29029534 ms]
[29029680 ms][F3-DPT1     ] Produced P3 unit 15 (consumed 2 P1 and 1 P2) [29029680 ms]
[29029680 ms][F3-DPT2     ] Produced P3 unit 16 (consumed 2 P1 and 1 P2) [29029680 ms]
[29029832 ms][F2-DEPT     ] Produced P2. Storage: 2/5 [29029832 ms]
[29029832 ms][TRUCK2      ] Loaded 2 P2. Travelling to F3... [29029832 ms]
[29030083 ms][TRUCK2      ] Unloaded 2 P2 to F3. Returning to F2... [29030083 ms]
[29030232 ms][F2-DEPT     ] Produced P2. Storage: 1/5 [29030232 ms]
[29030483 ms][F3-DPT1     ] Produced P3 unit 17 (consumed 2 P1 and 1 P2) [29030483 ms]
[29030483 ms][SHIP        ] Unloaded 5 P1 to F3. Returning to F1... [29030483 ms]
[29030484 ms][F3-DPT2     ] Produced P3 unit 18 (consumed 2 P1 and 1 P2) [29030484 ms]
[29030633 ms][F2-DEPT     ] Produced P2. Storage: 2/5 [29030633 ms]
[29030633 ms][TRUCK4      ] Loaded 2 P2. Travelling to F3... [29030633 ms]
[29030736 ms][SHIP        ] Loaded 5 P1. Travelling to F3... [29030736 ms]
[29030736 ms][SHIP        ] Waiting to unload at F3. F3 P1: 6/10 [29030736 ms]
[29030736 ms][F1-DEPT     ] Produced P1. Storage: 6/10 [29030736 ms]
[29030837 ms][F1-DEPT     ] Produced P1. Storage: 7/10 [29030837 ms]
[29030884 ms][TRUCK4      ] Unloaded 2 P2 to F3. Returning to F2... [29030884 ms]
[29030938 ms][F1-DEPT     ] Produced P1. Storage: 8/10 [29030938 ms]
[29031033 ms][F2-DEPT     ] Produced P2. Storage: 1/5 [29031033 ms]
[29031038 ms][F1-DEPT     ] Produced P1. Storage: 9/10 [29031038 ms]
[29031138 ms][F1-DEPT     ] Produced P1. Storage: 10/10 [29031138 ms]
[29031284 ms][F3-DPT2     ] Produced P3 unit 19 (consumed 2 P1 and 1 P2) [29031284 ms]
[29031284 ms][SHIP        ] Unloaded 5 P1 to F3. Returning to F1... [29031284 ms]
[29031288 ms][F3-DPT1     ] Produced P3 unit 20 (consumed 2 P1 and 1 P2) [29031288 ms]
[29031434 ms][F2-DEPT     ] Produced P2. Storage: 2/5 [29031434 ms]
[29031435 ms][TRUCK3      ] Loaded 2 P2. Travelling to F3... [29031435 ms]
[29031541 ms][SHIP        ] Loaded 5 P1. Travelling to F3... [29031541 ms]
[29031541 ms][SHIP        ] Waiting to unload at F3. F3 P1: 7/10 [29031541 ms]
[29031541 ms][F1-DEPT     ] Produced P1. Storage: 6/10 [29031541 ms]
[29031642 ms][F1-DEPT     ] Produced P1. Storage: 7/10 [29031642 ms]
[29031685 ms][TRUCK3      ] Unloaded 2 P2 to F3. Returning to F2... [29031685 ms]
[29031743 ms][F1-DEPT     ] Produced P1. Storage: 8/10 [29031743 ms]
[29031835 ms][F2-DEPT     ] Produced P2. Storage: 1/5 [29031835 ms]
[29031843 ms][F1-DEPT     ] Produced P1. Storage: 9/10 [29031843 ms]
[29031944 ms][F1-DEPT     ] Produced P1. Storage: 10/10 [29031944 ms]
[29032085 ms][F3-DPT2     ] Produced P3 unit 21 (consumed 2 P1 and 1 P2) [29032085 ms]
[29032086 ms][F3-DPT1     ] Produced P3 unit 22 (consumed 2 P1 and 1 P2) [29032086 ms]
[29032086 ms][SHIP        ] Unloaded 5 P1 to F3. Returning to F1... [29032086 ms]
[29032235 ms][F2-DEPT     ] Produced P2. Storage: 2/5 [29032235 ms]
[29032236 ms][TRUCK3      ] Loaded 2 P2. Travelling to F3... [29032236 ms]
[29032338 ms][SHIP        ] Loaded 5 P1. Travelling to F3... [29032338 ms]
[29032338 ms][SHIP        ] Waiting to unload at F3. F3 P1: 8/10 [29032338 ms]
[29032338 ms][F1-DEPT     ] Produced P1. Storage: 6/10 [29032338 ms]
[29032438 ms][F1-DEPT     ] Produced P1. Storage: 7/10 [29032438 ms]
[29032486 ms][TRUCK3      ] Unloaded 2 P2 to F3. Returning to F2... [29032486 ms]
[29032539 ms][F1-DEPT     ] Produced P1. Storage: 8/10 [29032539 ms]
[MAIN        ] Pausing F1 production for 3 seconds...
[29032636 ms][F2-DEPT     ] Produced P2. Storage: 1/5 [29032636 ms]
[29032639 ms][F1-DEPT     ] Produced P1. Storage: 9/10 [29032639 ms]
[29032887 ms][F3-DPT2     ] Produced P3 unit 23 (consumed 2 P1 and 1 P2) [29032887 ms]
[29032891 ms][F3-DPT1     ] Produced P3 unit 24 (consumed 2 P1 and 1 P2) [29032891 ms]
[29032891 ms][SHIP        ] Unloaded 5 P1 to F3. Returning to F1... [29032891 ms]
[29033036 ms][F2-DEPT     ] Produced P2. Storage: 2/5 [29033036 ms]
[29033037 ms][TRUCK3      ] Loaded 2 P2. Travelling to F3... [29033037 ms]
[29033142 ms][SHIP        ] Loaded 5 P1. Travelling to F3... [29033142 ms]
[29033142 ms][SHIP        ] Waiting to unload at F3. F3 P1: 9/10 [29033142 ms]
[29033289 ms][TRUCK3      ] Unloaded 2 P2 to F3. Returning to F2... [29033289 ms]
[29033437 ms][F2-DEPT     ] Produced P2. Storage: 1/5 [29033437 ms]
[29033689 ms][F3-DPT1     ] Produced P3 unit 25 (consumed 2 P1 and 1 P2) [29033689 ms]
[29033689 ms][F3-DPT2     ] Produced P3 unit 26 (consumed 2 P1 and 1 P2) [29033689 ms]
[29033838 ms][F2-DEPT     ] Produced P2. Storage: 2/5 [29033838 ms]
[29033838 ms][TRUCK5      ] Loaded 2 P2. Travelling to F3... [29033838 ms]
[29034091 ms][TRUCK5      ] Unloaded 2 P2 to F3. Returning to F2... [29034091 ms]
[29034238 ms][F2-DEPT     ] Produced P2. Storage: 1/5 [29034238 ms]
[29034493 ms][F3-DPT2     ] Produced P3 unit 27 (consumed 2 P1 and 1 P2) [29034493 ms]
[29034493 ms][SHIP        ] Unloaded 5 P1 to F3. Returning to F1... [29034493 ms]
[29034494 ms][F3-DPT1     ] Produced P3 unit 28 (consumed 2 P1 and 1 P2) [29034494 ms]
[29034638 ms][F2-DEPT     ] Produced P2. Storage: 2/5 [29034638 ms]
[29034639 ms][TRUCK3      ] Loaded 2 P2. Travelling to F3... [29034639 ms]
[29034744 ms][SHIP        ] Loaded 4 P1. Travelling to F3... [29034744 ms]
[29034744 ms][SHIP        ] Waiting to unload at F3. F3 P1: 6/10 [29034744 ms]
[29034890 ms][TRUCK3      ] Unloaded 2 P2 to F3. Returning to F2... [29034890 ms]
[29035039 ms][F2-DEPT     ] Produced P2. Storage: 1/5 [29035039 ms]
[29035291 ms][F3-DPT2     ] Produced P3 unit 29 (consumed 2 P1 and 1 P2) [29035291 ms]
[29035291 ms][F3-DPT1     ] Produced P3 unit 30 (consumed 2 P1 and 1 P2) [29035291 ms]
[29035291 ms][SHIP        ] Unloaded 4 P1 to F3. Returning to F1... [29035291 ms]
[29035439 ms][F2-DEPT     ] Produced P2. Storage: 2/5 [29035439 ms]
[29035440 ms][TRUCK4      ] Loaded 2 P2. Travelling to F3... [29035440 ms]
[MAIN        ] Resumed F1 production.
[29035692 ms][TRUCK4      ] Unloaded 2 P2 to F3. Returning to F2... [29035692 ms]
[29035735 ms][F1-DEPT     ] Produced P1. Storage: 1/10 [29035735 ms]
[29035735 ms][SHIP        ] Loaded 1 P1. Travelling to F3... [29035735 ms]
[29035736 ms][SHIP        ] Waiting to unload at F3. F3 P1: 6/10 [29035736 ms]
[29035837 ms][F1-DEPT     ] Produced P1. Storage: 1/10 [29035837 ms]
[29035840 ms][F2-DEPT     ] Produced P2. Storage: 1/5 [29035840 ms]
[29035940 ms][F1-DEPT     ] Produced P1. Storage: 2/10 [29035940 ms]
[29035986 ms][SHIP        ] Unloaded 1 P1 to F3. Returning to F1... [29035986 ms]
[29036042 ms][F1-DEPT     ] Produced P1. Storage: 3/10 [29036042 ms]
[29036093 ms][F3-DPT1     ] Produced P3 unit 31 (consumed 2 P1 and 1 P2) [29036093 ms]
[29036093 ms][F3-DPT2     ] Produced P3 unit 32 (consumed 2 P1 and 1 P2) [29036093 ms]
[29036142 ms][F1-DEPT     ] Produced P1. Storage: 4/10 [29036142 ms]
[29036237 ms][SHIP        ] Loaded 4 P1. Travelling to F3... [29036237 ms]
[29036237 ms][SHIP        ] Waiting to unload at F3. F3 P1: 3/10 [29036237 ms]
[29036240 ms][F2-DEPT     ] Produced P2. Storage: 2/5 [29036240 ms]
[29036241 ms][TRUCK5      ] Loaded 2 P2. Travelling to F3... [29036241 ms]
[29036243 ms][F1-DEPT     ] Produced P1. Storage: 1/10 [29036243 ms]
[29036344 ms][F1-DEPT     ] Produced P1. Storage: 2/10 [29036344 ms]
[29036445 ms][F1-DEPT     ] Produced P1. Storage: 3/10 [29036445 ms]
[29036487 ms][SHIP        ] Unloaded 4 P1 to F3. Returning to F1... [29036487 ms]
[29036491 ms][TRUCK5      ] Unloaded 2 P2 to F3. Returning to F2... [29036491 ms]
[29036545 ms][F1-DEPT     ] Produced P1. Storage: 4/10 [29036545 ms]
[29036641 ms][F2-DEPT     ] Produced P2. Storage: 1/5 [29036641 ms]
[29036646 ms][F1-DEPT     ] Produced P1. Storage: 5/10 [29036646 ms]
[29036738 ms][SHIP        ] Loaded 5 P1. Travelling to F3... [29036738 ms]
[29036738 ms][SHIP        ] Waiting to unload at F3. F3 P1: 7/10 [29036738 ms]
[29036746 ms][F1-DEPT     ] Produced P1. Storage: 1/10 [29036746 ms]
[29036846 ms][F1-DEPT     ] Produced P1. Storage: 2/10 [29036846 ms]
[29036892 ms][F3-DPT1     ] Produced P3 unit 33 (consumed 2 P1 and 1 P2) [29036892 ms]
[29036892 ms][F3-DPT2     ] Produced P3 unit 34 (consumed 2 P1 and 1 P2) [29036892 ms]
[29036947 ms][F1-DEPT     ] Produced P1. Storage: 3/10 [29036947 ms]
[29036989 ms][SHIP        ] Unloaded 5 P1 to F3. Returning to F1... [29036989 ms]
[29037042 ms][F2-DEPT     ] Produced P2. Storage: 2/5 [29037042 ms]
[29037042 ms][TRUCK5      ] Loaded 2 P2. Travelling to F3... [29037042 ms]
[29037047 ms][F1-DEPT     ] Produced P1. Storage: 4/10 [29037047 ms]
[29037147 ms][F1-DEPT     ] Produced P1. Storage: 5/10 [29037147 ms]
[29037241 ms][SHIP        ] Loaded 5 P1. Travelling to F3... [29037241 ms]
[29037241 ms][SHIP        ] Waiting to unload at F3. F3 P1: 8/10 [29037241 ms]
[29037248 ms][F1-DEPT     ] Produced P1. Storage: 1/10 [29037248 ms]
[29037293 ms][TRUCK5      ] Unloaded 2 P2 to F3. Returning to F2... [29037293 ms]
[29037349 ms][F1-DEPT     ] Produced P1. Storage: 2/10 [29037349 ms]
[29037442 ms][F2-DEPT     ] Produced P2. Storage: 1/5 [29037442 ms]
[29037449 ms][F1-DEPT     ] Produced P1. Storage: 3/10 [29037449 ms]
[29037552 ms][F1-DEPT     ] Produced P1. Storage: 4/10 [29037552 ms]
[29037653 ms][F1-DEPT     ] Produced P1. Storage: 5/10 [29037653 ms]
[29037694 ms][F3-DPT1     ] Produced P3 unit 35 (consumed 2 P1 and 1 P2) [29037694 ms]
[29037694 ms][F3-DPT2     ] Produced P3 unit 36 (consumed 2 P1 and 1 P2) [29037694 ms]
[29037694 ms][SHIP        ] Unloaded 5 P1 to F3. Returning to F1... [29037694 ms]
[29037753 ms][F1-DEPT     ] Produced P1. Storage: 6/10 [29037753 ms]
[29037843 ms][F2-DEPT     ] Produced P2. Storage: 2/5 [29037843 ms]
[29037843 ms][TRUCK4      ] Loaded 2 P2. Travelling to F3... [29037843 ms]
[29037853 ms][F1-DEPT     ] Produced P1. Storage: 7/10 [29037853 ms]
[29037944 ms][SHIP        ] Loaded 5 P1. Travelling to F3... [29037944 ms]
[29037944 ms][SHIP        ] Waiting to unload at F3. F3 P1: 9/10 [29037944 ms]
[29037954 ms][F1-DEPT     ] Produced P1. Storage: 3/10 [29037954 ms]
[29038055 ms][F1-DEPT     ] Produced P1. Storage: 4/10 [29038055 ms]
[29038094 ms][TRUCK4      ] Unloaded 2 P2 to F3. Returning to F2... [29038094 ms]
[29038155 ms][F1-DEPT     ] Produced P1. Storage: 5/10 [29038155 ms]
[29038243 ms][F2-DEPT     ] Produced P2. Storage: 1/5 [29038243 ms]
[29038255 ms][F1-DEPT     ] Produced P1. Storage: 6/10 [29038255 ms]
[29038356 ms][F1-DEPT     ] Produced P1. Storage: 7/10 [29038356 ms]
[29038457 ms][F1-DEPT     ] Produced P1. Storage: 8/10 [29038457 ms]
[29038494 ms][F3-DPT2     ] Produced P3 unit 37 (consumed 2 P1 and 1 P2) [29038494 ms]
[29038494 ms][F3-DPT1     ] Produced P3 unit 38 (consumed 2 P1 and 1 P2) [29038494 ms]
[29038557 ms][F1-DEPT     ] Produced P1. Storage: 9/10 [29038557 ms]
[29038644 ms][F2-DEPT     ] Produced P2. Storage: 2/5 [29038644 ms]
[29038644 ms][TRUCK5      ] Loaded 2 P2. Travelling to F3... [29038644 ms]
[29038657 ms][F1-DEPT     ] Produced P1. Storage: 10/10 [29038657 ms]
[29038897 ms][TRUCK5      ] Unloaded 2 P2 to F3. Returning to F2... [29038897 ms]
[29039044 ms][F2-DEPT     ] Produced P2. Storage: 1/5 [29039044 ms]
[29039299 ms][F3-DPT2     ] Produced P3 unit 39 (consumed 2 P1 and 1 P2) [29039299 ms]
[29039299 ms][SHIP        ] Unloaded 5 P1 to F3. Returning to F1... [29039299 ms]
[29039300 ms][F3-DPT1     ] Produced P3 unit 40 (consumed 2 P1 and 1 P2) [29039300 ms]
[29039445 ms][F2-DEPT     ] Produced P2. Storage: 2/5 [29039445 ms]
[29039445 ms][TRUCK1      ] Loaded 2 P2. Travelling to F3... [29039445 ms]
[29039550 ms][SHIP        ] Loaded 5 P1. Travelling to F3... [29039550 ms]
[29039550 ms][SHIP        ] Waiting to unload at F3. F3 P1: 6/10 [29039550 ms]
[29039550 ms][F1-DEPT     ] Produced P1. Storage: 6/10 [29039550 ms]
[29039652 ms][F1-DEPT     ] Produced P1. Storage: 7/10 [29039652 ms]
[29039699 ms][TRUCK1      ] Unloaded 2 P2 to F3. Returning to F2... [29039699 ms]
[29039752 ms][F1-DEPT     ] Produced P1. Storage: 8/10 [29039752 ms]
[29039846 ms][F2-DEPT     ] Produced P2. Storage: 1/5 [29039846 ms]
[29039852 ms][F1-DEPT     ] Produced P1. Storage: 9/10 [29039852 ms]
[29039954 ms][F1-DEPT     ] Produced P1. Storage: 10/10 [29039954 ms]
[29040100 ms][F3-DPT1     ] Produced P3 unit 41 (consumed 2 P1 and 1 P2) [29040100 ms]
[29040100 ms][SHIP        ] Unloaded 5 P1 to F3. Returning to F1... [29040100 ms]
[29040100 ms][F3-DPT2     ] Produced P3 unit 42 (consumed 2 P1 and 1 P2) [29040100 ms]
[29040246 ms][F2-DEPT     ] Produced P2. Storage: 2/5 [29040246 ms]
[29040247 ms][TRUCK4      ] Loaded 2 P2. Travelling to F3... [29040247 ms]
[29040351 ms][SHIP        ] Loaded 5 P1. Travelling to F3... [29040351 ms]
[29040351 ms][SHIP        ] Waiting to unload at F3. F3 P1: 7/10 [29040351 ms]
[29040351 ms][F1-DEPT     ] Produced P1. Storage: 6/10 [29040351 ms]
[29040452 ms][F1-DEPT     ] Produced P1. Storage: 7/10 [29040452 ms]
[29040497 ms][TRUCK4      ] Unloaded 2 P2 to F3. Returning to F2... [29040497 ms]
[29040553 ms][F1-DEPT     ] Produced P1. Storage: 8/10 [29040553 ms]
[MAIN        ] Stopping simulation...
[29040622 ms][SHIP        ] Unloaded 5 P1 to F3. Returning to F1... [29040622 ms]
[29040898 ms][F3-DPT2     ] Produced P3 unit 43 (consumed 2 P1 and 1 P2) [29040898 ms]
[29040898 ms][F3-DPT1     ] Produced P3 unit 44 (consumed 2 P1 and 1 P2) [29040898 ms]

Simulation ended. Total P3 produced: 44
