[MAIN        ] Simulation started.
[34124091 ms][F1-DEPT     ] Produced P1. Storage: 1/10 [34124091 ms]
[34124091 ms][SHIP        ] Loaded 1 P1. Travelling to F3... [34124091 ms]
[34124091 ms][SHIP        ] Waiting to unload at F3. F3 P1: 0/10 [34124091 ms]
[34124193 ms][F1-DEPT     ] Produced P1. Storage: 1/10 [34124193 ms]
[34124293 ms][F1-DEPT     ] Produced P1. Storage: 2/10 [34124293 ms]
[34124342 ms][SHIP        ] Unloaded 1 P1 to F3. Returning to F1... [34124342 ms]
[34124391 ms][F2-DEPT     ] Produced P2. Storage: 1/5 [34124391 ms]
[34124393 ms][F1-DEPT     ] Produced P1. Storage: 3/10 [34124393 ms]
[34124495 ms][F1-DEPT     ] Produced P1. Storage: 4/10 [34124495 ms]
[34124593 ms][SHIP        ] Loaded 4 P1. Travelling to F3... [34124593 ms]
[34124593 ms][SHIP        ] Waiting to unload at F3. F3 P1: 1/10 [34124593 ms]
[34124596 ms][F1-DEPT     ] Produced P1. Storage: 1/10 [34124596 ms]
[34124696 ms][F1-DEPT     ] Produced P1. Storage: 2/10 [34124696 ms]
[34124791 ms][F2-DEPT     ] Produced P2. Storage: 2/5 [34124791 ms]
[34124792 ms][TRUCK5      ] Loaded 2 P2. Travelling to F3... [34124792 ms]
[34124797 ms][F1-DEPT     ] Produced P1. Storage: 3/10 [34124797 ms]
[34124843 ms][SHIP        ] Unloaded 4 P1 to F3. Returning to F1... [34124843 ms]
[34124898 ms][F1-DEPT     ] Produced P1. Storage: 4/10 [34124898 ms]
[34124998 ms][F1-DEPT     ] Produced P1. Storage: 5/10 [34124998 ms]
[34125042 ms][TRUCK5      ] Unloaded 2 P2 to F3. Returning to F2... [34125042 ms]
[34125094 ms][SHIP        ] Loaded 5 P1. Travelling to F3... [34125094 ms]
[34125094 ms][SHIP        ] Waiting to unload at F3. F3 P1: 1/10 [34125094 ms]
[34125100 ms][F1-DEPT     ] Produced P1. Storage: 1/10 [34125100 ms]
[34125192 ms][F2-DEPT     ] Produced P2. Storage: 1/5 [34125192 ms]
[34125200 ms][F1-DEPT     ] Produced P1. Storage: 2/10 [34125200 ms]
[34125301 ms][F1-DEPT     ] Produced P1. Storage: 3/10 [34125301 ms]
[34125344 ms][SHIP        ] Unloaded 5 P1 to F3. Returning to F1... [34125344 ms]
[34125402 ms][F1-DEPT     ] Produced P1. Storage: 4/10 [34125402 ms]
[34125443 ms][F3-DPT2     ] Produced P3 unit 1 (consumed 2 P1 and 1 P2) [34125443 ms]
[34125443 ms][F3-DPT1     ] Produced P3 unit 2 (consumed 2 P1 and 1 P2) [34125443 ms]
[34125502 ms][F1-DEPT     ] Produced P1. Storage: 5/10 [34125502 ms]
[34125594 ms][F2-DEPT     ] Produced P2. Storage: 2/5 [34125594 ms]
[34125594 ms][TRUCK1      ] Loaded 2 P2. Travelling to F3... [34125594 ms]
[34125595 ms][SHIP        ] Loaded 5 P1. Travelling to F3... [34125595 ms]
[34125595 ms][SHIP        ] Waiting to unload at F3. F3 P1: 2/10 [34125595 ms]
[34125603 ms][F1-DEPT     ] Produced P1. Storage: 1/10 [34125603 ms]
[34125703 ms][F1-DEPT     ] Produced P1. Storage: 2/10 [34125703 ms]
[34125804 ms][F1-DEPT     ] Produced P1. Storage: 3/10 [34125804 ms]
[34125845 ms][TRUCK1      ] Unloaded 2 P2 to F3. Returning to F2... [34125845 ms]
[34125845 ms][SHIP        ] Unloaded 5 P1 to F3. Returning to F1... [34125845 ms]
[34125904 ms][F1-DEPT     ] Produced P1. Storage: 4/10 [34125904 ms]
[34125995 ms][F2-DEPT     ] Produced P2. Storage: 1/5 [34125995 ms]
[34126005 ms][F1-DEPT     ] Produced P1. Storage: 5/10 [34126005 ms]
[34126096 ms][SHIP        ] Loaded 5 P1. Travelling to F3... [34126096 ms]
[34126096 ms][SHIP        ] Waiting to unload at F3. F3 P1: 7/10 [34126096 ms]
[34126105 ms][F1-DEPT     ] Produced P1. Storage: 1/10 [34126105 ms]
[34126207 ms][F1-DEPT     ] Produced P1. Storage: 2/10 [34126207 ms]
[34126245 ms][F3-DPT2     ] Produced P3 unit 3 (consumed 2 P1 and 1 P2) [34126245 ms]
[34126245 ms][F3-DPT1     ] Produced P3 unit 4 (consumed 2 P1 and 1 P2) [34126245 ms]
[34126307 ms][F1-DEPT     ] Produced P1. Storage: 3/10 [34126307 ms]
[34126346 ms][SHIP        ] Unloaded 5 P1 to F3. Returning to F1... [34126346 ms]
[34126396 ms][F2-DEPT     ] Produced P2. Storage: 2/5 [34126396 ms]
[34126396 ms][TRUCK4      ] Loaded 2 P2. Travelling to F3... [34126396 ms]
[34126408 ms][F1-DEPT     ] Produced P1. Storage: 4/10 [34126408 ms]
[34126508 ms][F1-DEPT     ] Produced P1. Storage: 5/10 [34126508 ms]
[34126598 ms][SHIP        ] Loaded 5 P1. Travelling to F3... [34126598 ms]
[34126598 ms][SHIP        ] Waiting to unload at F3. F3 P1: 8/10 [34126598 ms]
[34126609 ms][F1-DEPT     ] Produced P1. Storage: 1/10 [34126609 ms]
[34126646 ms][TRUCK4      ] Unloaded 2 P2 to F3. Returning to F2... [34126646 ms]
[34126710 ms][F1-DEPT     ] Produced P1. Storage: 2/10 [34126710 ms]
[34126796 ms][F2-DEPT     ] Produced P2. Storage: 1/5 [34126796 ms]
[34126811 ms][F1-DEPT     ] Produced P1. Storage: 3/10 [34126811 ms]
[34126911 ms][F1-DEPT     ] Produced P1. Storage: 4/10 [34126911 ms]
[34127012 ms][F1-DEPT     ] Produced P1. Storage: 5/10 [34127012 ms]
[34127047 ms][F3-DPT1     ] Produced P3 unit 5 (consumed 2 P1 and 1 P2) [34127047 ms]
[34127048 ms][F3-DPT2     ] Produced P3 unit 6 (consumed 2 P1 and 1 P2) [34127048 ms]
[34127048 ms][SHIP        ] Unloaded 5 P1 to F3. Returning to F1... [34127048 ms]
[34127112 ms][F1-DEPT     ] Produced P1. Storage: 6/10 [34127112 ms]
[34127197 ms][F2-DEPT     ] Produced P2. Storage: 2/5 [34127197 ms]
[34127198 ms][TRUCK3      ] Loaded 2 P2. Travelling to F3... [34127198 ms]
[34127213 ms][F1-DEPT     ] Produced P1. Storage: 7/10 [34127213 ms]
[34127299 ms][SHIP        ] Loaded 5 P1. Travelling to F3... [34127299 ms]
[34127299 ms][SHIP        ] Waiting to unload at F3. F3 P1: 9/10 [34127299 ms]
[34127314 ms][F1-DEPT     ] Produced P1. Storage: 3/10 [34127314 ms]
[34127415 ms][F1-DEPT     ] Produced P1. Storage: 4/10 [34127415 ms]
[34127448 ms][TRUCK3      ] Unloaded 2 P2 to F3. Returning to F2... [34127448 ms]
[34127515 ms][F1-DEPT     ] Produced P1. Storage: 5/10 [34127515 ms]
[34127598 ms][F2-DEPT     ] Produced P2. Storage: 1/5 [34127598 ms]
[34127615 ms][F1-DEPT     ] Produced P1. Storage: 6/10 [34127615 ms]
[34127716 ms][F1-DEPT     ] Produced P1. Storage: 7/10 [34127716 ms]
[34127817 ms][F1-DEPT     ] Produced P1. Storage: 8/10 [34127817 ms]
[34127848 ms][F3-DPT2     ] Produced P3 unit 7 (consumed 2 P1 and 1 P2) [34127848 ms]
[34127849 ms][F3-DPT1     ] Produced P3 unit 8 (consumed 2 P1 and 1 P2) [34127849 ms]
[34127918 ms][F1-DEPT     ] Produced P1. Storage: 9/10 [34127918 ms]
[34128000 ms][F2-DEPT     ] Produced P2. Storage: 2/5 [34128000 ms]
[34128000 ms][TRUCK3      ] Loaded 2 P2. Travelling to F3... [34128000 ms]
[34128018 ms][F1-DEPT     ] Produced P1. Storage: 10/10 [34128018 ms]
[34128251 ms][TRUCK3      ] Unloaded 2 P2 to F3. Returning to F2... [34128251 ms]
[34128401 ms][F2-DEPT     ] Produced P2. Storage: 1/5 [34128401 ms]
[34128653 ms][F3-DPT2     ] Produced P3 unit 9 (consumed 2 P1 and 1 P2) [34128653 ms]
[34128653 ms][SHIP        ] Unloaded 5 P1 to F3. Returning to F1... [34128653 ms]
[34128653 ms][F3-DPT1     ] Produced P3 unit 10 (consumed 2 P1 and 1 P2) [34128653 ms]
[34128802 ms][F2-DEPT     ] Produced P2. Storage: 2/5 [34128802 ms]
[34128802 ms][TRUCK5      ] Loaded 2 P2. Travelling to F3... [34128802 ms]
[34128905 ms][SHIP        ] Loaded 5 P1. Travelling to F3... [34128905 ms]
[34128905 ms][SHIP        ] Waiting to unload at F3. F3 P1: 6/10 [34128905 ms]
[34128905 ms][F1-DEPT     ] Produced P1. Storage: 6/10 [34128905 ms]
[SCENARIO    ] Pausing F1 production...
[34129005 ms][F1-DEPT     ] Produced P1. Storage: 7/10 [34129005 ms]
[34129053 ms][TRUCK5      ] Unloaded 2 P2 to F3. Returning to F2... [34129053 ms]
[34129203 ms][F2-DEPT     ] Produced P2. Storage: 1/5 [34129203 ms]
[34129455 ms][F3-DPT1     ] Produced P3 unit 11 (consumed 2 P1 and 1 P2) [34129455 ms]
[34129455 ms][SHIP        ] Unloaded 5 P1 to F3. Returning to F1... [34129455 ms]
[34129455 ms][F3-DPT2     ] Produced P3 unit 12 (consumed 2 P1 and 1 P2) [34129455 ms]
[34129604 ms][F2-DEPT     ] Produced P2. Storage: 2/5 [34129604 ms]
[34129605 ms][TRUCK3      ] Loaded 2 P2. Travelling to F3... [34129605 ms]
[34129705 ms][SHIP        ] Loaded 5 P1. Travelling to F3... [34129705 ms]
[34129706 ms][SHIP        ] Waiting to unload at F3. F3 P1: 7/10 [34129706 ms]
[34129855 ms][TRUCK3      ] Unloaded 2 P2 to F3. Returning to F2... [34129855 ms]
[34130005 ms][F2-DEPT     ] Produced P2. Storage: 1/5 [34130005 ms]
[34130257 ms][F3-DPT1     ] Produced P3 unit 13 (consumed 2 P1 and 1 P2) [34130257 ms]
[34130258 ms][F3-DPT2     ] Produced P3 unit 14 (consumed 2 P1 and 1 P2) [34130258 ms]
[34130258 ms][SHIP        ] Unloaded 5 P1 to F3. Returning to F1... [34130258 ms]
[34130406 ms][F2-DEPT     ] Produced P2. Storage: 2/5 [34130406 ms]
[34130406 ms][TRUCK1      ] Loaded 2 P2. Travelling to F3... [34130406 ms]
[34130509 ms][SHIP        ] Loaded 2 P1. Travelling to F3... [34130509 ms]
[34130509 ms][SHIP        ] Waiting to unload at F3. F3 P1: 8/10 [34130509 ms]
[34130659 ms][TRUCK1      ] Unloaded 2 P2 to F3. Returning to F2... [34130659 ms]
[34130806 ms][F2-DEPT     ] Produced P2. Storage: 1/5 [34130806 ms]
[34131060 ms][F3-DPT1     ] Produced P3 unit 15 (consumed 2 P1 and 1 P2) [34131060 ms]
[34131061 ms][SHIP        ] Unloaded 2 P1 to F3. Returning to F1... [34131061 ms]
[34131061 ms][F3-DPT2     ] Produced P3 unit 16 (consumed 2 P1 and 1 P2) [34131061 ms]
[34131207 ms][F2-DEPT     ] Produced P2. Storage: 2/5 [34131207 ms]
[34131207 ms][TRUCK2      ] Loaded 2 P2. Travelling to F3... [34131207 ms]
[34131459 ms][TRUCK2      ] Unloaded 2 P2 to F3. Returning to F2... [34131459 ms]
[34131607 ms][F2-DEPT     ] Produced P2. Storage: 1/5 [34131607 ms]
[34131860 ms][F3-DPT2     ] Produced P3 unit 17 (consumed 2 P1 and 1 P2) [34131860 ms]
[34131861 ms][F3-DPT1     ] Produced P3 unit 18 (consumed 2 P1 and 1 P2) [34131861 ms]
[SCENARIO    ] Resumed F1 production.
[34132008 ms][F2-DEPT     ] Produced P2. Storage: 2/5 [34132008 ms]
[34132008 ms][TRUCK2      ] Loaded 2 P2. Travelling to F3... [34132008 ms]
[34132104 ms][F1-DEPT     ] Produced P1. Storage: 1/10 [34132104 ms]
[34132104 ms][SHIP        ] Loaded 1 P1. Travelling to F3... [34132104 ms]
[34132104 ms][SHIP        ] Waiting to unload at F3. F3 P1: 2/10 [34132104 ms]
[34132205 ms][F1-DEPT     ] Produced P1. Storage: 1/10 [34132205 ms]
[34132259 ms][TRUCK2      ] Unloaded 2 P2 to F3. Returning to F2... [34132259 ms]
[34132305 ms][F1-DEPT     ] Produced P1. Storage: 2/10 [34132305 ms]
[34132355 ms][SHIP        ] Unloaded 1 P1 to F3. Returning to F1... [34132355 ms]
[34132406 ms][F1-DEPT     ] Produced P1. Storage: 3/10 [34132406 ms]
[34132409 ms][F2-DEPT     ] Produced P2. Storage: 1/5 [34132409 ms]
[34132506 ms][F1-DEPT     ] Produced P1. Storage: 4/10 [34132506 ms]
[34132605 ms][SHIP        ] Loaded 4 P1. Travelling to F3... [34132605 ms]
[34132605 ms][SHIP        ] Waiting to unload at F3. F3 P1: 3/10 [34132605 ms]
[34132608 ms][F1-DEPT     ] Produced P1. Storage: 1/10 [34132608 ms]
[34132660 ms][F3-DPT2     ] Produced P3 unit 19 (consumed 2 P1 and 1 P2) [34132660 ms]
[34132660 ms][F3-DPT1     ] Produced P3 unit 20 (consumed 2 P1 and 1 P2) [34132660 ms]
[34132709 ms][F1-DEPT     ] Produced P1. Storage: 2/10 [34132709 ms]
[34132809 ms][F2-DEPT     ] Produced P2. Storage: 2/5 [34132809 ms]
[34132810 ms][F1-DEPT     ] Produced P1. Storage: 3/10 [34132810 ms]
[34132810 ms][TRUCK4      ] Loaded 2 P2. Travelling to F3... [34132810 ms]
[34132855 ms][SHIP        ] Unloaded 4 P1 to F3. Returning to F1... [34132855 ms]
[34132910 ms][F1-DEPT     ] Produced P1. Storage: 4/10 [34132910 ms]
[34133010 ms][F1-DEPT     ] Produced P1. Storage: 5/10 [34133010 ms]
[34133060 ms][TRUCK4      ] Unloaded 2 P2 to F3. Returning to F2... [34133060 ms]
[34133106 ms][SHIP        ] Loaded 5 P1. Travelling to F3... [34133106 ms]
[34133106 ms][SHIP        ] Waiting to unload at F3. F3 P1: 3/10 [34133106 ms]
[34133111 ms][F1-DEPT     ] Produced P1. Storage: 1/10 [34133111 ms]
[34133210 ms][F2-DEPT     ] Produced P2. Storage: 1/5 [34133210 ms]
[34133211 ms][F1-DEPT     ] Produced P1. Storage: 2/10 [34133211 ms]
[34133312 ms][F1-DEPT     ] Produced P1. Storage: 3/10 [34133312 ms]
[34133356 ms][SHIP        ] Unloaded 5 P1 to F3. Returning to F1... [34133356 ms]
[34133413 ms][F1-DEPT     ] Produced P1. Storage: 4/10 [34133413 ms]
[34133461 ms][F3-DPT1     ] Produced P3 unit 21 (consumed 2 P1 and 1 P2) [34133461 ms]
[34133463 ms][F3-DPT2     ] Produced P3 unit 22 (consumed 2 P1 and 1 P2) [34133463 ms]
[34133514 ms][F1-DEPT     ] Produced P1. Storage: 5/10 [34133514 ms]
[34133607 ms][SHIP        ] Loaded 5 P1. Travelling to F3... [34133607 ms]
[34133607 ms][SHIP        ] Waiting to unload at F3. F3 P1: 4/10 [34133607 ms]
[34133610 ms][F2-DEPT     ] Produced P2. Storage: 2/5 [34133610 ms]
[34133611 ms][TRUCK2      ] Loaded 2 P2. Travelling to F3... [34133611 ms]
[34133614 ms][F1-DEPT     ] Produced P1. Storage: 1/10 [34133614 ms]
[34133715 ms][F1-DEPT     ] Produced P1. Storage: 2/10 [34133715 ms]
[34133816 ms][F1-DEPT     ] Produced P1. Storage: 3/10 [34133816 ms]
[34133859 ms][SHIP        ] Unloaded 5 P1 to F3. Returning to F1... [34133859 ms]
[34133861 ms][TRUCK2      ] Unloaded 2 P2 to F3. Returning to F2... [34133861 ms]
[34133916 ms][F1-DEPT     ] Produced P1. Storage: 4/10 [34133916 ms]
[SCENARIO    ] Pausing F2 production...
[34134011 ms][F2-DEPT     ] Produced P2. Storage: 1/5 [34134011 ms]
[34134017 ms][F1-DEPT     ] Produced P1. Storage: 5/10 [34134017 ms]
[34134109 ms][SHIP        ] Loaded 5 P1. Travelling to F3... [34134109 ms]
[34134109 ms][SHIP        ] Waiting to unload at F3. F3 P1: 9/10 [34134109 ms]
[34134119 ms][F1-DEPT     ] Produced P1. Storage: 1/10 [34134119 ms]
[34134220 ms][F1-DEPT     ] Produced P1. Storage: 2/10 [34134220 ms]
[34134262 ms][F3-DPT1     ] Produced P3 unit 23 (consumed 2 P1 and 1 P2) [34134262 ms]
[34134263 ms][F3-DPT2     ] Produced P3 unit 24 (consumed 2 P1 and 1 P2) [34134263 ms]
[34134321 ms][F1-DEPT     ] Produced P1. Storage: 3/10 [34134321 ms]
[34134422 ms][F1-DEPT     ] Produced P1. Storage: 4/10 [34134422 ms]
[34134523 ms][F1-DEPT     ] Produced P1. Storage: 5/10 [34134523 ms]
[34134623 ms][F1-DEPT     ] Produced P1. Storage: 6/10 [34134623 ms]
[34134724 ms][F1-DEPT     ] Produced P1. Storage: 7/10 [34134724 ms]
[34134824 ms][F1-DEPT     ] Produced P1. Storage: 8/10 [34134824 ms]
[34134925 ms][F1-DEPT     ] Produced P1. Storage: 9/10 [34134925 ms]
[34135026 ms][F1-DEPT     ] Produced P1. Storage: 10/10 [34135026 ms]
[SCENARIO    ] Resumed F2 production.
[34137416 ms][F2-DEPT     ] Produced P2. Storage: 2/5 [34137416 ms]
[34137417 ms][TRUCK4      ] Loaded 2 P2. Travelling to F3... [34137417 ms]
[34137669 ms][TRUCK4      ] Unloaded 2 P2 to F3. Returning to F2... [34137669 ms]
[34137817 ms][F2-DEPT     ] Produced P2. Storage: 1/5 [34137817 ms]
[34138070 ms][F3-DPT2     ] Produced P3 unit 25 (consumed 2 P1 and 1 P2) [34138070 ms]
[34138070 ms][SHIP        ] Unloaded 5 P1 to F3. Returning to F1... [34138070 ms]
[34138070 ms][F3-DPT1     ] Produced P3 unit 26 (consumed 2 P1 and 1 P2) [34138070 ms]
[34138218 ms][F2-DEPT     ] Produced P2. Storage: 2/5 [34138218 ms]
[34138219 ms][TRUCK3      ] Loaded 2 P2. Travelling to F3... [34138219 ms]
[34138321 ms][SHIP        ] Loaded 5 P1. Travelling to F3... [34138321 ms]
[34138321 ms][SHIP        ] Waiting to unload at F3. F3 P1: 6/10 [34138321 ms]
[34138321 ms][F1-DEPT     ] Produced P1. Storage: 6/10 [34138321 ms]
[34138425 ms][F1-DEPT     ] Produced P1. Storage: 7/10 [34138425 ms]
[34138469 ms][TRUCK3      ] Unloaded 2 P2 to F3. Returning to F2... [34138469 ms]
[34138525 ms][F1-DEPT     ] Produced P1. Storage: 8/10 [34138525 ms]
[34138619 ms][F2-DEPT     ] Produced P2. Storage: 1/5 [34138619 ms]
[34138628 ms][F1-DEPT     ] Produced P1. Storage: 9/10 [34138628 ms]
[34138728 ms][F1-DEPT     ] Produced P1. Storage: 10/10 [34138728 ms]
[34138869 ms][F3-DPT2     ] Produced P3 unit 27 (consumed 2 P1 and 1 P2) [34138869 ms]
[34138869 ms][F3-DPT1     ] Produced P3 unit 28 (consumed 2 P1 and 1 P2) [34138869 ms]
[34138870 ms][SHIP        ] Unloaded 5 P1 to F3. Returning to F1... [34138870 ms]
[SCENARIO    ] Ship out of commission...
[34139020 ms][F2-DEPT     ] Produced P2. Storage: 2/5 [34139020 ms]
[34139020 ms][TRUCK5      ] Loaded 2 P2. Travelling to F3... [34139020 ms]
[34139272 ms][TRUCK5      ] Unloaded 2 P2 to F3. Returning to F2... [34139272 ms]
[34139421 ms][F2-DEPT     ] Produced P2. Storage: 1/5 [34139421 ms]
[34139672 ms][F3-DPT2     ] Produced P3 unit 29 (consumed 2 P1 and 1 P2) [34139672 ms]
[34139672 ms][F3-DPT1     ] Produced P3 unit 30 (consumed 2 P1 and 1 P2) [34139672 ms]
[34139821 ms][F2-DEPT     ] Produced P2. Storage: 2/5 [34139821 ms]
[34139822 ms][TRUCK4      ] Loaded 2 P2. Travelling to F3... [34139822 ms]
[34140072 ms][TRUCK4      ] Unloaded 2 P2 to F3. Returning to F2... [34140072 ms]
[34140222 ms][F2-DEPT     ] Produced P2. Storage: 1/5 [34140222 ms]
[34140472 ms][F3-DPT1     ] Produced P3 unit 31 (consumed 2 P1 and 1 P2) [34140472 ms]
[34140474 ms][F3-DPT2     ] Produced P3 unit 32 (consumed 2 P1 and 1 P2) [34140474 ms]
[34140623 ms][F2-DEPT     ] Produced P2. Storage: 2/5 [34140623 ms]
[34140623 ms][TRUCK3      ] Loaded 2 P2. Travelling to F3... [34140623 ms]
[34140875 ms][TRUCK3      ] Unloaded 2 P2 to F3. Returning to F2... [34140875 ms]
[34141023 ms][F2-DEPT     ] Produced P2. Storage: 1/5 [34141023 ms]
[34141280 ms][F3-DPT1     ] Produced P3 unit 33 (consumed 2 P1 and 1 P2) [34141280 ms]
[34141424 ms][F2-DEPT     ] Produced P2. Storage: 2/5 [34141424 ms]
[34141424 ms][TRUCK1      ] Loaded 2 P2. Travelling to F3... [34141424 ms]
[34141675 ms][TRUCK1      ] Unloaded 2 P2 to F3. Returning to F2... [34141675 ms]
[34141824 ms][F2-DEPT     ] Produced P2. Storage: 1/5 [34141824 ms]
[SCENARIO    ] Ship resumed operation.
[34142030 ms][SHIP        ] Loaded 5 P1. Travelling to F3... [34142030 ms]
[34142030 ms][SHIP        ] Waiting to unload at F3. F3 P1: 1/10 [34142030 ms]
[34142030 ms][F1-DEPT     ] Produced P1. Storage: 6/10 [34142030 ms]
[34142132 ms][F1-DEPT     ] Produced P1. Storage: 7/10 [34142132 ms]
[34142225 ms][F2-DEPT     ] Produced P2. Storage: 2/5 [34142225 ms]
[34142225 ms][TRUCK1      ] Loaded 2 P2. Travelling to F3... [34142225 ms]
[34142233 ms][F1-DEPT     ] Produced P1. Storage: 8/10 [34142233 ms]
[34142280 ms][SHIP        ] Unloaded 5 P1 to F3. Returning to F1... [34142280 ms]
[34142333 ms][F1-DEPT     ] Produced P1. Storage: 9/10 [34142333 ms]
[34142434 ms][F1-DEPT     ] Produced P1. Storage: 10/10 [34142434 ms]
[34142477 ms][TRUCK1      ] Unloaded 2 P2 to F3. Returning to F2... [34142477 ms]
[34142532 ms][SHIP        ] Loaded 5 P1. Travelling to F3... [34142532 ms]
[34142532 ms][SHIP        ] Waiting to unload at F3. F3 P1: 2/10 [34142532 ms]
[34142537 ms][F1-DEPT     ] Produced P1. Storage: 6/10 [34142537 ms]
[34142625 ms][F2-DEPT     ] Produced P2. Storage: 1/5 [34142625 ms]
[34142637 ms][F1-DEPT     ] Produced P1. Storage: 7/10 [34142637 ms]
[34142681 ms][F3-DPT2     ] Produced P3 unit 34 (consumed 2 P1 and 1 P2) [34142681 ms]
[34142682 ms][F3-DPT1     ] Produced P3 unit 35 (consumed 2 P1 and 1 P2) [34142682 ms]
[34142739 ms][F1-DEPT     ] Produced P1. Storage: 8/10 [34142739 ms]
[34142784 ms][SHIP        ] Unloaded 5 P1 to F3. Returning to F1... [34142784 ms]
[34142839 ms][F1-DEPT     ] Produced P1. Storage: 9/10 [34142839 ms]
[34142943 ms][F1-DEPT     ] Produced P1. Storage: 10/10 [34142943 ms]
[34143026 ms][F2-DEPT     ] Produced P2. Storage: 2/5 [34143026 ms]
[34143026 ms][TRUCK2      ] Loaded 2 P2. Travelling to F3... [34143026 ms]
[34143034 ms][SHIP        ] Loaded 5 P1. Travelling to F3... [34143034 ms]
[34143035 ms][SHIP        ] Waiting to unload at F3. F3 P1: 3/10 [34143035 ms]
[34143043 ms][F1-DEPT     ] Produced P1. Storage: 6/10 [34143043 ms]
[34143081 ms][F3-DPT2     ] Produced P3 unit 36 (consumed 2 P1 and 1 P2) [34143081 ms]
[34143147 ms][F1-DEPT     ] Produced P1. Storage: 7/10 [34143147 ms]
[34143186 ms][F3-DPT1     ] Produced P3 unit 37 (consumed 2 P1 and 1 P2) [34143186 ms]
[34143247 ms][F1-DEPT     ] Produced P1. Storage: 8/10 [34143247 ms]
[34143277 ms][TRUCK2      ] Unloaded 2 P2 to F3. Returning to F2... [34143277 ms]
[34143286 ms][SHIP        ] Unloaded 5 P1 to F3. Returning to F1... [34143286 ms]
[34143348 ms][F1-DEPT     ] Produced P1. Storage: 9/10 [34143348 ms]
[34143427 ms][F2-DEPT     ] Produced P2. Storage: 1/5 [34143427 ms]
[34143448 ms][F1-DEPT     ] Produced P1. Storage: 10/10 [34143448 ms]
[34143481 ms][F3-DPT2     ] Produced P3 unit 38 (consumed 2 P1 and 1 P2) [34143481 ms]
[34143537 ms][SHIP        ] Loaded 5 P1. Travelling to F3... [34143537 ms]
[34143537 ms][SHIP        ] Waiting to unload at F3. F3 P1: 2/10 [34143537 ms]
[34143549 ms][F1-DEPT     ] Produced P1. Storage: 6/10 [34143549 ms]
[34143649 ms][F1-DEPT     ] Produced P1. Storage: 7/10 [34143649 ms]
[34143690 ms][F3-DPT1     ] Produced P3 unit 39 (consumed 2 P1 and 1 P2) [34143690 ms]
[34143750 ms][F1-DEPT     ] Produced P1. Storage: 8/10 [34143750 ms]
[34143789 ms][SHIP        ] Unloaded 5 P1 to F3. Returning to F1... [34143789 ms]
[34143828 ms][F2-DEPT     ] Produced P2. Storage: 2/5 [34143828 ms]
[34143829 ms][TRUCK1      ] Loaded 2 P2. Travelling to F3... [34143829 ms]
[34143850 ms][F1-DEPT     ] Produced P1. Storage: 9/10 [34143850 ms]
[34143882 ms][F3-DPT2     ] Produced P3 unit 40 (consumed 2 P1 and 1 P2) [34143882 ms]
[34143951 ms][F1-DEPT     ] Produced P1. Storage: 10/10 [34143951 ms]
[SCENARIO    ] F3 Dept 1 paused...
[34144039 ms][SHIP        ] Loaded 5 P1. Travelling to F3... [34144039 ms]
[34144039 ms][SHIP        ] Waiting to unload at F3. F3 P1: 3/10 [34144039 ms]
[34144051 ms][F1-DEPT     ] Produced P1. Storage: 6/10 [34144051 ms]
[34144081 ms][TRUCK1      ] Unloaded 2 P2 to F3. Returning to F2... [34144081 ms]
[34144152 ms][F1-DEPT     ] Produced P1. Storage: 7/10 [34144152 ms]
[34144229 ms][F2-DEPT     ] Produced P2. Storage: 1/5 [34144229 ms]
[34144252 ms][F1-DEPT     ] Produced P1. Storage: 8/10 [34144252 ms]
[34144290 ms][SHIP        ] Unloaded 5 P1 to F3. Returning to F1... [34144290 ms]
[34144352 ms][F1-DEPT     ] Produced P1. Storage: 9/10 [34144352 ms]
[34144452 ms][F1-DEPT     ] Produced P1. Storage: 10/10 [34144452 ms]
[34144482 ms][F3-DPT2     ] Produced P3 unit 41 (consumed 2 P1 and 1 P2) [34144482 ms]
[34144488 ms][F3-DPT1     ] Produced P3 unit 42 (consumed 2 P1 and 1 P2) [34144488 ms]
[34144541 ms][SHIP        ] Loaded 5 P1. Travelling to F3... [34144541 ms]
[34144541 ms][SHIP        ] Waiting to unload at F3. F3 P1: 4/10 [34144541 ms]
[34144553 ms][F1-DEPT     ] Produced P1. Storage: 6/10 [34144553 ms]
[34144630 ms][F2-DEPT     ] Produced P2. Storage: 2/5 [34144630 ms]
[34144630 ms][TRUCK4      ] Loaded 2 P2. Travelling to F3... [34144630 ms]
[34144653 ms][F1-DEPT     ] Produced P1. Storage: 7/10 [34144653 ms]
[34144754 ms][F1-DEPT     ] Produced P1. Storage: 8/10 [34144754 ms]
[34144791 ms][SHIP        ] Unloaded 5 P1 to F3. Returning to F1... [34144791 ms]
[34144854 ms][F1-DEPT     ] Produced P1. Storage: 9/10 [34144854 ms]
[34144882 ms][TRUCK4      ] Unloaded 2 P2 to F3. Returning to F2... [34144882 ms]
[34144955 ms][F1-DEPT     ] Produced P1. Storage: 10/10 [34144955 ms]
[34145030 ms][F2-DEPT     ] Produced P2. Storage: 1/5 [34145030 ms]
[34145042 ms][SHIP        ] Loaded 5 P1. Travelling to F3... [34145042 ms]
[34145042 ms][SHIP        ] Waiting to unload at F3. F3 P1: 9/10 [34145042 ms]
[34145055 ms][F1-DEPT     ] Produced P1. Storage: 6/10 [34145055 ms]
[34145158 ms][F1-DEPT     ] Produced P1. Storage: 7/10 [34145158 ms]
[34145259 ms][F1-DEPT     ] Produced P1. Storage: 8/10 [34145259 ms]
[34145283 ms][F3-DPT2     ] Produced P3 unit 43 (consumed 2 P1 and 1 P2) [34145283 ms]
[34145283 ms][F3-DPT1     ] Produced P3 unit 44 (consumed 2 P1 and 1 P2) [34145283 ms]
[34145360 ms][F1-DEPT     ] Produced P1. Storage: 9/10 [34145360 ms]
[34145431 ms][F2-DEPT     ] Produced P2. Storage: 2/5 [34145431 ms]
[34145431 ms][TRUCK2      ] Loaded 2 P2. Travelling to F3... [34145431 ms]
[34145461 ms][F1-DEPT     ] Produced P1. Storage: 10/10 [34145461 ms]
[34145683 ms][TRUCK2      ] Unloaded 2 P2 to F3. Returning to F2... [34145683 ms]
[34145831 ms][F2-DEPT     ] Produced P2. Storage: 1/5 [34145831 ms]
[34146083 ms][F3-DPT2     ] Produced P3 unit 45 (consumed 2 P1 and 1 P2) [34146083 ms]
[34146083 ms][F3-DPT1     ] Produced P3 unit 46 (consumed 2 P1 and 1 P2) [34146083 ms]
[34146083 ms][SHIP        ] Unloaded 5 P1 to F3. Returning to F1... [34146083 ms]
[34146232 ms][F2-DEPT     ] Produced P2. Storage: 2/5 [34146232 ms]
[34146232 ms][TRUCK4      ] Loaded 2 P2. Travelling to F3... [34146232 ms]
[34146335 ms][SHIP        ] Loaded 5 P1. Travelling to F3... [34146335 ms]
[34146336 ms][SHIP        ] Waiting to unload at F3. F3 P1: 6/10 [34146336 ms]
[34146336 ms][F1-DEPT     ] Produced P1. Storage: 6/10 [34146336 ms]
[34146437 ms][F1-DEPT     ] Produced P1. Storage: 7/10 [34146437 ms]
[34146483 ms][TRUCK4      ] Unloaded 2 P2 to F3. Returning to F2... [34146483 ms]
[34146538 ms][F1-DEPT     ] Produced P1. Storage: 8/10 [34146538 ms]
[34146633 ms][F2-DEPT     ] Produced P2. Storage: 1/5 [34146633 ms]
[34146638 ms][F1-DEPT     ] Produced P1. Storage: 9/10 [34146638 ms]
[34146739 ms][F1-DEPT     ] Produced P1. Storage: 10/10 [34146739 ms]
[34146883 ms][F3-DPT1     ] Produced P3 unit 47 (consumed 2 P1 and 1 P2) [34146883 ms]
[34146883 ms][F3-DPT2     ] Produced P3 unit 48 (consumed 2 P1 and 1 P2) [34146883 ms]
[34146884 ms][SHIP        ] Unloaded 5 P1 to F3. Returning to F1... [34146884 ms]
[SCENARIO    ] F3 Dept 1 resumed.
[34147034 ms][F2-DEPT     ] Produced P2. Storage: 2/5 [34147034 ms]
[34147034 ms][TRUCK1      ] Loaded 2 P2. Travelling to F3... [34147034 ms]
[34147135 ms][SHIP        ] Loaded 5 P1. Travelling to F3... [34147135 ms]
[34147135 ms][SHIP        ] Waiting to unload at F3. F3 P1: 7/10 [34147135 ms]
[34147135 ms][F1-DEPT     ] Produced P1. Storage: 6/10 [34147135 ms]
[34147239 ms][F1-DEPT     ] Produced P1. Storage: 7/10 [34147239 ms]
[34147287 ms][TRUCK1      ] Unloaded 2 P2 to F3. Returning to F2... [34147287 ms]
[34147341 ms][F1-DEPT     ] Produced P1. Storage: 8/10 [34147341 ms]
[34147435 ms][F2-DEPT     ] Produced P2. Storage: 1/5 [34147435 ms]
[34147441 ms][F1-DEPT     ] Produced P1. Storage: 9/10 [34147441 ms]
[34147543 ms][F1-DEPT     ] Produced P1. Storage: 10/10 [34147543 ms]
[34147687 ms][F3-DPT1     ] Produced P3 unit 49 (consumed 2 P1 and 1 P2) [34147687 ms]
[34147688 ms][F3-DPT2     ] Produced P3 unit 50 (consumed 2 P1 and 1 P2) [34147688 ms]
[34147688 ms][SHIP        ] Unloaded 5 P1 to F3. Returning to F1... [34147688 ms]
[34147836 ms][F2-DEPT     ] Produced P2. Storage: 2/5 [34147836 ms]
[34147836 ms][TRUCK5      ] Loaded 2 P2. Travelling to F3... [34147836 ms]
[34147940 ms][SHIP        ] Loaded 5 P1. Travelling to F3... [34147940 ms]
[34147941 ms][SHIP        ] Waiting to unload at F3. F3 P1: 8/10 [34147941 ms]
[34147940 ms][F1-DEPT     ] Produced P1. Storage: 6/10 [34147940 ms]
[34148042 ms][F1-DEPT     ] Produced P1. Storage: 7/10 [34148042 ms]
[34148086 ms][TRUCK5      ] Unloaded 2 P2 to F3. Returning to F2... [34148086 ms]
[34148144 ms][F1-DEPT     ] Produced P1. Storage: 8/10 [34148144 ms]
[34148239 ms][F2-DEPT     ] Produced P2. Storage: 1/5 [34148239 ms]
[34148245 ms][F1-DEPT     ] Produced P1. Storage: 9/10 [34148245 ms]
[34148346 ms][F1-DEPT     ] Produced P1. Storage: 10/10 [34148346 ms]
[34148488 ms][F3-DPT1     ] Produced P3 unit 51 (consumed 2 P1 and 1 P2) [34148488 ms]
[34148488 ms][F3-DPT2     ] Produced P3 unit 52 (consumed 2 P1 and 1 P2) [34148488 ms]
[34148489 ms][SHIP        ] Unloaded 5 P1 to F3. Returning to F1... [34148489 ms]
[34148640 ms][F2-DEPT     ] Produced P2. Storage: 2/5 [34148640 ms]
[34148640 ms][TRUCK4      ] Loaded 2 P2. Travelling to F3... [34148640 ms]
[34148739 ms][SHIP        ] Loaded 5 P1. Travelling to F3... [34148739 ms]
[34148739 ms][SHIP        ] Waiting to unload at F3. F3 P1: 9/10 [34148739 ms]
[34148739 ms][F1-DEPT     ] Produced P1. Storage: 6/10 [34148739 ms]
[34148839 ms][F1-DEPT     ] Produced P1. Storage: 7/10 [34148839 ms]
[34148891 ms][TRUCK4      ] Unloaded 2 P2 to F3. Returning to F2... [34148891 ms]
[34148940 ms][F1-DEPT     ] Produced P1. Storage: 8/10 [34148940 ms]
[34149040 ms][F2-DEPT     ] Produced P2. Storage: 1/5 [34149040 ms]
[34149040 ms][F1-DEPT     ] Produced P1. Storage: 9/10 [34149040 ms]
[34149142 ms][F1-DEPT     ] Produced P1. Storage: 10/10 [34149142 ms]
[34149292 ms][F3-DPT1     ] Produced P3 unit 53 (consumed 2 P1 and 1 P2) [34149292 ms]
[34149293 ms][F3-DPT2     ] Produced P3 unit 54 (consumed 2 P1 and 1 P2) [34149293 ms]
[34149441 ms][F2-DEPT     ] Produced P2. Storage: 2/5 [34149441 ms]
[34149442 ms][TRUCK5      ] Loaded 2 P2. Travelling to F3... [34149442 ms]
[34149692 ms][TRUCK5      ] Unloaded 2 P2 to F3. Returning to F2... [34149692 ms]
[34149842 ms][F2-DEPT     ] Produced P2. Storage: 1/5 [34149842 ms]
[34150092 ms][F3-DPT1     ] Produced P3 unit 55 (consumed 2 P1 and 1 P2) [34150092 ms]
[34150092 ms][F3-DPT2     ] Produced P3 unit 56 (consumed 2 P1 and 1 P2) [34150092 ms]
[34150092 ms][SHIP        ] Unloaded 5 P1 to F3. Returning to F1... [34150092 ms]
[34150243 ms][F2-DEPT     ] Produced P2. Storage: 2/5 [34150243 ms]
[34150243 ms][TRUCK4      ] Loaded 2 P2. Travelling to F3... [34150243 ms]
[34150344 ms][SHIP        ] Loaded 5 P1. Travelling to F3... [34150344 ms]
[34150344 ms][SHIP        ] Waiting to unload at F3. F3 P1: 6/10 [34150344 ms]
[34150344 ms][F1-DEPT     ] Produced P1. Storage: 6/10 [34150344 ms]
[34150446 ms][F1-DEPT     ] Produced P1. Storage: 7/10 [34150446 ms]
[34150494 ms][TRUCK4      ] Unloaded 2 P2 to F3. Returning to F2... [34150494 ms]
[34150546 ms][F1-DEPT     ] Produced P1. Storage: 8/10 [34150546 ms]
[34150644 ms][F2-DEPT     ] Produced P2. Storage: 1/5 [34150644 ms]
[34150647 ms][F1-DEPT     ] Produced P1. Storage: 9/10 [34150647 ms]
[34150750 ms][F1-DEPT     ] Produced P1. Storage: 10/10 [34150750 ms]
[34150894 ms][F3-DPT2     ] Produced P3 unit 57 (consumed 2 P1 and 1 P2) [34150894 ms]
[34150894 ms][SHIP        ] Unloaded 5 P1 to F3. Returning to F1... [34150894 ms]
[34150894 ms][F3-DPT1     ] Produced P3 unit 58 (consumed 2 P1 and 1 P2) [34150894 ms]
[34151045 ms][F2-DEPT     ] Produced P2. Storage: 2/5 [34151045 ms]
[34151046 ms][TRUCK4      ] Loaded 2 P2. Travelling to F3... [34151046 ms]
[34151145 ms][SHIP        ] Loaded 5 P1. Travelling to F3... [34151145 ms]
[34151145 ms][SHIP        ] Waiting to unload at F3. F3 P1: 7/10 [34151145 ms]
[34151145 ms][F1-DEPT     ] Produced P1. Storage: 6/10 [34151145 ms]
[34151247 ms][F1-DEPT     ] Produced P1. Storage: 7/10 [34151247 ms]
[34151296 ms][TRUCK4      ] Unloaded 2 P2 to F3. Returning to F2... [34151296 ms]
[34151348 ms][F1-DEPT     ] Produced P1. Storage: 8/10 [34151348 ms]
[34151446 ms][F2-DEPT     ] Produced P2. Storage: 1/5 [34151446 ms]
[34151448 ms][F1-DEPT     ] Produced P1. Storage: 9/10 [34151448 ms]
[34151549 ms][F1-DEPT     ] Produced P1. Storage: 10/10 [34151549 ms]
[34151696 ms][F3-DPT2     ] Produced P3 unit 59 (consumed 2 P1 and 1 P2) [34151696 ms]
[34151697 ms][F3-DPT1     ] Produced P3 unit 60 (consumed 2 P1 and 1 P2) [34151697 ms]
[34151697 ms][SHIP        ] Unloaded 5 P1 to F3. Returning to F1... [34151697 ms]
[34151847 ms][F2-DEPT     ] Produced P2. Storage: 2/5 [34151847 ms]
[34151847 ms][TRUCK1      ] Loaded 2 P2. Travelling to F3... [34151847 ms]
[34151947 ms][SHIP        ] Loaded 5 P1. Travelling to F3... [34151947 ms]
[34151947 ms][F1-DEPT     ] Produced P1. Storage: 6/10 [34151947 ms]
[34151948 ms][SHIP        ] Waiting to unload at F3. F3 P1: 8/10 [34151948 ms]
[MAIN        ] Stopping simulation...
[34152198 ms][SHIP        ] Unloaded 5 P1 to F3. Returning to F1... [34152198 ms]
